pM/build/outputs/logs/manifest-merger-debug-report.txt
-- Merging decision tree log ---
manifest
ADDED from src/main/AndroidManifest.xml:2:1-178:12
	package
		ADDED from src/main/AndroidManifest.xml:3:5-29
		INJECTED from src/main/AndroidManifest.xml
		INJECTED from src/main/AndroidManifest.xml
	android:versionName
		ADDED from src/main/AndroidManifest.xml:5:5-32
		INJECTED from src/main/AndroidManifest.xml
		INJECTED from src/main/AndroidManifest.xml
	android:versionCode
		ADDED from src/main/AndroidManifest.xml:4:5-30
		INJECTED from src/main/AndroidManifest.xml
		INJECTED from src/main/AndroidManifest.xml
	xmlns:android
		ADDED from src/main/AndroidManifest.xml:2:11-69
uses-feature#android.hardware.bluetooth_le
ADDED from src/main/AndroidManifest.xml:7:5-9:35
	android:required
		ADDED from src/main/AndroidManifest.xml:9:9-32
	android:name
		ADDED from src/main/AndroidManifest.xml:8:9-53
uses-permission#android.permission.BLUETOOTH
ADDED from src/main/AndroidManifest.xml:11:5-68
	android:name
		ADDED from src/main/AndroidManifest.xml:11:22-65
uses-permission#android.permission.BLUETOOTH_ADMIN
ADDED from src/main/AndroidManifest.xml:12:5-74
	android:name
		ADDED from src/main/AndroidManifest.xml:12:22-71
uses-permission#android.permission.ACCESS_NETWORK_STATE
ADDED from src/main/AndroidManifest.xml:14:5-79
	android:name
		ADDED from src/main/AndroidManifest.xml:14:22-76
uses-permission#android.permission.INTERNET
ADDED from src/main/AndroidManifest.xml:15:5-67
	android:name
		ADDED from src/main/AndroidManifest.xml:15:22-64
uses-permission#android.permission.CHANGE_WIFI_STATE
ADDED from src/main/AndroidManifest.xml:16:5-76
	android:name
		ADDED from src/main/AndroidManifest.xml:16:22-73
uses-permission#android.permission.ACCESS_WIFI_STATE
ADDED from src/main/AndroidManifest.xml:17:5-76
	android:name
		ADDED from src/main/AndroidManifest.xml:17:22-73
uses-permission#android.permission.ACCESS_COARSE_LOCATION
ADDED from src/main/AndroidManifest.xml:19:5-81
	android:name
		ADDED from src/main/AndroidManifest.xml:19:22-78
uses-permission#android.permission.ACCESS_FINE_LOCATION
ADDED from src/main/AndroidManifest.xml:20:5-79
	android:name
		ADDED from src/main/AndroidManifest.xml:20:22-76
uses-permission#com.android.launcher.permission.READ_SETTINGS
ADDED from src/main/AndroidManifest.xml:21:5-85
	android:name
		ADDED from src/main/AndroidManifest.xml:21:22-82
uses-permission#android.permission.WAKE_LOCK
ADDED from src/main/AndroidManifest.xml:22:5-68
	android:name
		ADDED from src/main/AndroidManifest.xml:22:22-65
uses-permission#android.permission.GET_TASKS
ADDED from src/main/AndroidManifest.xml:23:5-68
	android:name
		ADDED from src/main/AndroidManifest.xml:23:22-65
uses-permission#android.permission.WRITE_EXTERNAL_STORAGE
ADDED from src/main/AndroidManifest.xml:24:5-81
	android:name
		ADDED from src/main/AndroidManifest.xml:24:22-78
uses-permission#android.permission.WRITE_SETTINGS
ADDED from src/main/AndroidManifest.xml:25:5-73
	android:name
		ADDED from src/main/AndroidManifest.xml:25:22-70
uses-permission#android.permission.READ_PHONE_STATE
ADDED from src/main/AndroidManifest.xml:26:5-75
	android:name
		ADDED from src/main/AndroidManifest.xml:26:22-72
uses-permission#android.permission.MOUNT_UNMOUNT_FILESYSTEMS
ADDED from src/main/AndroidManifest.xml:27:5-84
	android:name
		ADDED from src/main/AndroidManifest.xml:27:22-81
uses-permission#android.permission.READ_LOGS
ADDED from src/main/AndroidManifest.xml:28:5-68
	android:name
		ADDED from src/main/AndroidManifest.xml:28:22-65
uses-permission#android.permission.VIBRATE
ADDED from src/main/AndroidManifest.xml:29:5-66
	android:name
		ADDED from src/main/AndroidManifest.xml:29:22-63
uses-permission#android.permission.READ_EXTERNAL_STORAGE
ADDED from src/main/AndroidManifest.xml:30:5-80
	android:name
		ADDED from src/main/AndroidManifest.xml:30:22-77
uses-permission#android.permission.RECEIVE_BOOT_COMPLETED
ADDED from src/main/AndroidManifest.xml:31:5-81
	android:name
		ADDED from src/main/AndroidManifest.xml:31:22-78
uses-permission#android.permission.RECEIVE_USER_PRESENT
ADDED from src/main/AndroidManifest.xml:32:5-79
	android:name
		ADDED from src/main/AndroidManifest.xml:32:22-76
application
ADDED from src/main/AndroidManifest.xml:34:5-176:19
MERGED from [Android-PM2.5:umeng_share_library:unspecified] AndroidManifest.xml:11:5-12:19
MERGED from [com.android.support:appcompat-v7:23.1.0] AndroidManifest.xml:22:5-20
MERGED from [com.android.support:support-v4:23.1.0] AndroidManifest.xml:22:5-20
	android:screenOrientation
		ADDED from src/main/AndroidManifest.xml:39:9-45
	android:label
		ADDED from src/main/AndroidManifest.xml:38:9-41
	android:allowBackup
		ADDED from src/main/AndroidManifest.xml:36:9-35
	android:icon
		ADDED from src/main/AndroidManifest.xml:37:9-38
	android:theme
		ADDED from src/main/AndroidManifest.xml:40:9-62
	android:name
		ADDED from src/main/AndroidManifest.xml:35:9-38
service#com.baidu.location.f
ADDED from src/main/AndroidManifest.xml:41:9-44:41
	android:enabled
		ADDED from src/main/AndroidManifest.xml:43:13-35
	android:process
		ADDED from src/main/AndroidManifest.xml:44:13-38
	android:name
		ADDED from src/main/AndroidManifest.xml:42:13-48
meta-data#com.baidu.lbsapi.API_KEY
ADDED from src/main/AndroidManifest.xml:61:9-63:64
	android:value
		ADDED from src/main/AndroidManifest.xml:63:13-61
	android:name
		ADDED from src/main/AndroidManifest.xml:62:13-52
meta-data#UMENG_APPKEY
ADDED from src/main/AndroidManifest.xml:72:9-74:56
	android:value
		ADDED from src/main/AndroidManifest.xml:74:13-53
	android:name
		ADDED from src/main/AndroidManifest.xml:73:13-40
activity#com.example.pm.FirstActivity
ADDED from src/main/AndroidManifest.xml:76:9-84:20
	android:label
		ADDED from src/main/AndroidManifest.xml:78:13-45
	android:name
		ADDED from src/main/AndroidManifest.xml:77:13-42
intent-filter#android.intent.action.MAIN+android.intent.category.LAUNCHER
ADDED from src/main/AndroidManifest.xml:79:13-83:29
action#android.intent.action.MAIN
ADDED from src/main/AndroidManifest.xml:80:17-69
	android:name
		ADDED from src/main/AndroidManifest.xml:80:25-66
category#android.intent.category.LAUNCHER
ADDED from src/main/AndroidManifest.xml:82:17-77
	android:name
		ADDED from src/main/AndroidManifest.xml:82:27-74
activity#com.example.pm.NotificationActivity
ADDED from src/main/AndroidManifest.xml:85:9-58
	android:name
		ADDED from src/main/AndroidManifest.xml:85:19-55
activity#com.example.pm.MainActivity
ADDED from src/main/AndroidManifest.xml:86:9-90:20
	android:screenOrientation
		ADDED from src/main/AndroidManifest.xml:88:13-49
	android:name
		ADDED from src/main/AndroidManifest.xml:87:13-41
activity#com.example.pm.RegisterActivity
ADDED from src/main/AndroidManifest.xml:91:9-54
	android:name
		ADDED from src/main/AndroidManifest.xml:91:19-51
activity#com.example.pm.MapActivity
ADDED from src/main/AndroidManifest.xml:92:9-49
	android:name
		ADDED from src/main/AndroidManifest.xml:92:19-46
activity#app.bluetooth.DeviceControlActivity
ADDED from src/main/AndroidManifest.xml:93:9-72
	android:name
		ADDED from src/main/AndroidManifest.xml:93:19-69
activity#com.example.pm.DataResultActivity
ADDED from src/main/AndroidManifest.xml:94:9-56
	android:name
		ADDED from src/main/AndroidManifest.xml:94:19-53
activity#com.umeng.socialize.view.ShareActivity
ADDED from src/main/AndroidManifest.xml:98:9-104:71
	android:launchMode
		ADDED from src/main/AndroidManifest.xml:101:13-44
	android:noHistory
		ADDED from src/main/AndroidManifest.xml:102:13-37
	android:windowSoftInputMode
		ADDED from src/main/AndroidManifest.xml:104:13-68
	android:configChanges
		ADDED from src/main/AndroidManifest.xml:100:13-57
	android:theme
		ADDED from src/main/AndroidManifest.xml:103:13-50
	android:name
		ADDED from src/main/AndroidManifest.xml:99:13-66
activity#com.tencent.tauth.AuthActivity
ADDED from src/main/AndroidManifest.xml:107:9-119:20
	android:launchMode
		ADDED from src/main/AndroidManifest.xml:109:13-44
	android:noHistory
		ADDED from src/main/AndroidManifest.xml:110:13-37
	android:name
		ADDED from src/main/AndroidManifest.xml:108:13-58
intent-filter#android.intent.action.VIEW+android.intent.category.BROWSABLE+android.intent.category.DEFAULT
ADDED from src/main/AndroidManifest.xml:111:13-118:29
action#android.intent.action.VIEW
ADDED from src/main/AndroidManifest.xml:112:17-69
	android:name
		ADDED from src/main/AndroidManifest.xml:112:25-66
category#android.intent.category.DEFAULT
ADDED from src/main/AndroidManifest.xml:114:17-76
	android:name
		ADDED from src/main/AndroidManifest.xml:114:27-73
category#android.intent.category.BROWSABLE
ADDED from src/main/AndroidManifest.xml:115:17-78
	android:name
		ADDED from src/main/AndroidManifest.xml:115:27-75
data
ADDED from src/main/AndroidManifest.xml:117:17-59
	android:scheme
		ADDED from src/main/AndroidManifest.xml:117:23-56
activity#com.tencent.connect.common.AssistActivity
ADDED from src/main/AndroidManifest.xml:120:9-123:75
	android:screenOrientation
		ADDED from src/main/AndroidManifest.xml:122:13-49
	android:theme
		ADDED from src/main/AndroidManifest.xml:123:13-72
	android:name
		ADDED from src/main/AndroidManifest.xml:121:13-69
activity#com.example.pm.wxapi.WXEntryActivity
ADDED from src/main/AndroidManifest.xml:124:9-59
	android:name
		ADDED from src/main/AndroidManifest.xml:124:19-56
service#app.services.ForegroundService
ADDED from src/main/AndroidManifest.xml:134:9-136:39
	android:exported
		ADDED from src/main/AndroidManifest.xml:136:13-36
	android:name
		ADDED from src/main/AndroidManifest.xml:135:13-58
receiver#app.services.AlarmForeReceiver
ADDED from src/main/AndroidManifest.xml:138:9-67
	android:name
		ADDED from src/main/AndroidManifest.xml:138:19-64
service#app.bluetooth.BluetoothService
ADDED from src/main/AndroidManifest.xml:140:9-142:39
	android:exported
		ADDED from src/main/AndroidManifest.xml:142:13-36
	android:name
		ADDED from src/main/AndroidManifest.xml:141:13-58
receiver#app.services.BackgroundService
ADDED from src/main/AndroidManifest.xml:144:9-146:41
	android:process
		ADDED from src/main/AndroidManifest.xml:146:13-38
	android:name
		ADDED from src/main/AndroidManifest.xml:145:13-58
receiver#app.services.AutoStartReceiver
ADDED from src/main/AndroidManifest.xml:147:9-153:20
	android:process
		ADDED from src/main/AndroidManifest.xml:149:13-38
	android:name
		ADDED from src/main/AndroidManifest.xml:148:13-58
intent-filter#android.intent.action.BOOT_COMPLETED
ADDED from src/main/AndroidManifest.xml:150:13-152:29
action#android.intent.action.BOOT_COMPLETED
ADDED from src/main/AndroidManifest.xml:151:17-79
	android:name
		ADDED from src/main/AndroidManifest.xml:151:25-76
service#app.services.WatchService
ADDED from src/main/AndroidManifest.xml:155:9-158:39
	android:enabled
		ADDED from src/main/AndroidManifest.xml:157:13-35
	android:exported
		ADDED from src/main/AndroidManifest.xml:158:13-36
	android:name
		ADDED from src/main/AndroidManifest.xml:156:13-53
receiver#app.services.AlarmWatchReceiver
ADDED from src/main/AndroidManifest.xml:160:9-68
	android:name
		ADDED from src/main/AndroidManifest.xml:160:19-65
receiver#app.services.SystemActionReceiver
ADDED from src/main/AndroidManifest.xml:161:9-165:20
	android:name
		ADDED from src/main/AndroidManifest.xml:161:19-67
intent-filter#android.intent.action.USER_PRESENT
ADDED from src/main/AndroidManifest.xml:162:13-164:29
action#android.intent.action.USER_PRESENT
ADDED from src/main/AndroidManifest.xml:163:17-77
	android:name
		ADDED from src/main/AndroidManifest.xml:163:25-74
service#app.services.CountStepService
ADDED from src/main/AndroidManifest.xml:167:9-170:39
	android:enabled
		ADDED from src/main/AndroidManifest.xml:169:13-35
	android:exported
		ADDED from src/main/AndroidManifest.xml:170:13-36
	android:name
		ADDED from src/main/AndroidManifest.xml:168:13-57
receiver#app.services.AlarmCountStepReceiver
ADDED from src/main/AndroidManifest.xml:172:9-175:48
	android:enabled
		ADDED from src/main/AndroidManifest.xml:174:13-35
	android:exported
		ADDED from src/main/AndroidManifest.xml:175:13-36
	android:name
		ADDED from src/main/AndroidManifest.xml:173:13-63
uses-sdk
INJECTED from src/main/AndroidManifest.xml reason: use-sdk injection requested
MERGED from [Android-PM2.5:slidingmenu_library:unspecified] AndroidManifest.xml:7:5-9:41
MERGED from [com.github.lecho:hellocharts-library:1.5.8] AndroidManifest.xml:7:5-9:41
MERGED from [com.github.orhanobut:logger:1.12] AndroidManifest.xml:6:5-8:41
MERGED from [Android-PM2.5:umeng_share_library:unspecified] AndroidManifest.xml:7:5-9:41
MERGED from [com.android.support:appcompat-v7:23.1.0] AndroidManifest.xml:20:5-43
MERGED from [com.android.support:support-v4:23.1.0] AndroidManifest.xml:20:5-43
	android:targetSdkVersion
		INJECTED from src/main/AndroidManifest.xml
		INJECTED from src/main/AndroidManifest.xml
	android:minSdkVersion
		INJECTED from src/main/AndroidManifest.xml
		INJECTED from src/main/AndroidManifest.xml